<?xml version="1.0" encoding="UTF-8"?>
<!-- Generated by org.testng.reporters.JUnitXMLReporter -->
<testsuite ignored="0" hostname="CJDellbook" failures="0" tests="6" name="Default test" time="5.032" errors="0" timestamp="2024-08-09T10:23:20 EDT">
  <testcase classname="api.test.DDTests" name="testPostuser" time="2.051"/>
  <testcase classname="api.test.DDTests" name="testPostuser" time="0.103"/>
  <testcase classname="api.test.DDTests" name="testPostuser" time="0.091"/>
  <testcase classname="api.test.DDTests" name="testDeleteUserByName" time="0.118"/>
  <testcase classname="api.test.DDTests" name="testDeleteUserByName" time="0.096"/>
  <testcase classname="api.test.DDTests" name="testDeleteUserByName" time="0.09"/>
</testsuite> <!-- Default test -->
