<?xml version="1.0" encoding="UTF-8"?>
<!-- Generated by org.testng.reporters.JUnitXMLReporter -->
<testsuite ignored="0" hostname="CJDellbook" failures="1" tests="2" name="Test" time="2.485" errors="0" timestamp="2024-03-20T21:44:59 EDT">
  <testcase classname="listenerDemo.MyFirstTestCase" name="GoogleTitleVerify" time="2.441"/>
  <testcase classname="listenerDemo.MyFirstTestCase" name="TitleMatch" time="0.01">
    <failure type="java.lang.AssertionError" message="expected [true] but found [false]">
      <![CDATA[java.lang.AssertionError: expected [true] but found [false]
at listenerDemo.MyFirstTestCase.TitleMatch(MyFirstTestCase.java:32)
at java.base/java.util.ArrayList.forEach(ArrayList.java:1511)
... Removed 31 stack frames]]>
    </failure>
  </testcase> <!-- TitleMatch -->
</testsuite> <!-- Test -->
