<?xml version="1.0" encoding="UTF-8"?>
<testng-results ignored="0" total="4" passed="4" failed="0" skipped="0">
  <reporter-output>
  </reporter-output>
  <suite started-at="2024-08-09T16:57:39 EDT" name="PetSuite" finished-at="2024-08-09T16:57:43 EDT" duration-ms="3699">
    <groups>
    </groups>
    <test started-at="2024-08-09T16:57:39 EDT" name="PetTest" finished-at="2024-08-09T16:57:43 EDT" duration-ms="3699">
      <class name="api.test.UserTests2">
        <test-method is-config="true" signature="setupData()[pri:0, instance:api.test.UserTests2@f78a47e]" started-at="2024-08-09T16:57:39 EDT" name="setupData" finished-at="2024-08-09T16:57:40 EDT" duration-ms="717" status="PASS">
          <reporter-output>
          </reporter-output>
        </test-method> <!-- setupData -->
        <test-method signature="testPostUser()[pri:1, instance:api.test.UserTests2@f78a47e]" started-at="2024-08-09T16:57:40 EDT" name="testPostUser" finished-at="2024-08-09T16:57:42 EDT" duration-ms="2203" status="PASS">
          <reporter-output>
          </reporter-output>
        </test-method> <!-- testPostUser -->
        <test-method signature="testGetUserByName()[pri:2, instance:api.test.UserTests2@f78a47e]" started-at="2024-08-09T16:57:42 EDT" name="testGetUserByName" finished-at="2024-08-09T16:57:42 EDT" duration-ms="162" status="PASS">
          <reporter-output>
          </reporter-output>
        </test-method> <!-- testGetUserByName -->
        <test-method signature="testUpdateUserByName()[pri:3, instance:api.test.UserTests2@f78a47e]" started-at="2024-08-09T16:57:42 EDT" name="testUpdateUserByName" finished-at="2024-08-09T16:57:43 EDT" duration-ms="171" status="PASS">
          <reporter-output>
          </reporter-output>
        </test-method> <!-- testUpdateUserByName -->
        <test-method signature="testDeleteUserByName()[pri:4, instance:api.test.UserTests2@f78a47e]" started-at="2024-08-09T16:57:43 EDT" name="testDeleteUserByName" finished-at="2024-08-09T16:57:43 EDT" duration-ms="110" status="PASS">
          <reporter-output>
          </reporter-output>
        </test-method> <!-- testDeleteUserByName -->
      </class> <!-- api.test.UserTests2 -->
    </test> <!-- PetTest -->
  </suite> <!-- PetSuite -->
</testng-results>
