<?xml version="1.0" encoding="UTF-8"?>
<testng-results ignored="0" total="4" passed="4" failed="0" skipped="0">
  <reporter-output>
  </reporter-output>
  <suite started-at="2024-08-09T11:36:35 EDT" name="PetSuite" finished-at="2024-08-09T11:36:40 EDT" duration-ms="4934">
    <groups>
    </groups>
    <test started-at="2024-08-09T11:36:35 EDT" name="PetTest" finished-at="2024-08-09T11:36:40 EDT" duration-ms="4934">
      <class name="api.test.UserTests2">
        <test-method is-config="true" signature="setupData()[pri:0, instance:api.test.UserTests2@53fb3dab]" started-at="2024-08-09T11:36:35 EDT" name="setupData" finished-at="2024-08-09T11:36:36 EDT" duration-ms="1055" status="PASS">
          <reporter-output>
          </reporter-output>
        </test-method> <!-- setupData -->
        <test-method signature="testPostUser()[pri:1, instance:api.test.UserTests2@53fb3dab]" started-at="2024-08-09T11:36:36 EDT" name="testPostUser" finished-at="2024-08-09T11:36:39 EDT" duration-ms="3068" status="PASS">
          <reporter-output>
          </reporter-output>
        </test-method> <!-- testPostUser -->
        <test-method signature="testGetUserByName()[pri:2, instance:api.test.UserTests2@53fb3dab]" started-at="2024-08-09T11:36:39 EDT" name="testGetUserByName" finished-at="2024-08-09T11:36:39 EDT" duration-ms="129" status="PASS">
          <reporter-output>
          </reporter-output>
        </test-method> <!-- testGetUserByName -->
        <test-method signature="testUpdateUserByName()[pri:3, instance:api.test.UserTests2@53fb3dab]" started-at="2024-08-09T11:36:39 EDT" name="testUpdateUserByName" finished-at="2024-08-09T11:36:40 EDT" duration-ms="215" status="PASS">
          <reporter-output>
          </reporter-output>
        </test-method> <!-- testUpdateUserByName -->
        <test-method signature="testDeleteUserByName()[pri:4, instance:api.test.UserTests2@53fb3dab]" started-at="2024-08-09T11:36:40 EDT" name="testDeleteUserByName" finished-at="2024-08-09T11:36:40 EDT" duration-ms="83" status="PASS">
          <reporter-output>
          </reporter-output>
        </test-method> <!-- testDeleteUserByName -->
      </class> <!-- api.test.UserTests2 -->
    </test> <!-- PetTest -->
  </suite> <!-- PetSuite -->
</testng-results>
