<?xml version="1.0" encoding="UTF-8"?>
<!-- Generated by org.testng.reporters.JUnitXMLReporter -->
<testsuite ignored="0" hostname="CJDellbook" failures="0" tests="4" name="PetTest" time="3.699" errors="0" timestamp="2024-08-09T16:57:43 EDT">
  <testcase classname="api.test.UserTests2" name="testPostUser" time="2.203"/>
  <testcase classname="api.test.UserTests2" name="testGetUserByName" time="0.162"/>
  <testcase classname="api.test.UserTests2" name="testUpdateUserByName" time="0.171"/>
  <testcase classname="api.test.UserTests2" name="testDeleteUserByName" time="0.11"/>
</testsuite> <!-- PetTest -->
