<?xml version="1.0" encoding="UTF-8"?>
<!-- Generated by org.testng.reporters.JUnitXMLReporter -->
<testsuite ignored="0" hostname="CJDellbook" failures="0" tests="4" name="PetTest" time="4.934" errors="0" timestamp="2024-08-09T11:36:40 EDT">
  <testcase classname="api.test.UserTests2" name="testPostUser" time="3.068"/>
  <testcase classname="api.test.UserTests2" name="testGetUserByName" time="0.129"/>
  <testcase classname="api.test.UserTests2" name="testUpdateUserByName" time="0.215"/>
  <testcase classname="api.test.UserTests2" name="testDeleteUserByName" time="0.083"/>
</testsuite> <!-- PetTest -->
